<?xml version="1.0" encoding="UTF-8"?>
<testsuites>
  <testsuite name="OsLabSecurityApiBundle Test Suite" tests="7" assertions="5" failures="0" errors="0" time="0.027361">
    <testsuite name="OsLab\SecurityApiBundle\Tests\Security\Authentication\AuthenticationFailureTest" file="/home/mco/Projects/osLab/security-api-bundle/Tests/Security/Authentication/AuthenticationFailureTest.php" tests="1" assertions="1" failures="0" errors="0" time="0.007830">
      <testcase name="testOnAuthenticationFailure" class="OsLab\SecurityApiBundle\Tests\Security\Authentication\AuthenticationFailureTest" file="/home/mco/Projects/osLab/security-api-bundle/Tests/Security/Authentication/AuthenticationFailureTest.php" line="25" assertions="1" time="0.007830"/>
    </testsuite>
    <testsuite name="OsLab\SecurityApiBundle\Tests\Security\Authentication\SimplePreAuthenticatorTest" file="/home/mco/Projects/osLab/security-api-bundle/Tests/Security/Authentication/SimplePreAuthenticatorTest.php" tests="5" assertions="3" failures="0" errors="0" time="0.015548">
      <testcase name="testCreateWithInvalidKeyNameTokenAccessDeniedException" class="OsLab\SecurityApiBundle\Tests\Security\Authentication\SimplePreAuthenticatorTest" file="/home/mco/Projects/osLab/security-api-bundle/Tests/Security/Authentication/SimplePreAuthenticatorTest.php" line="31" assertions="1" time="0.003610"/>
      <testcase name="testCreateWithHeaderKey" class="OsLab\SecurityApiBundle\Tests\Security\Authentication\SimplePreAuthenticatorTest" file="/home/mco/Projects/osLab/security-api-bundle/Tests/Security/Authentication/SimplePreAuthenticatorTest.php" line="39" assertions="0" time="0.003809"/>
      <testcase name="testCreateWithQueryKey" class="OsLab\SecurityApiBundle\Tests\Security\Authentication\SimplePreAuthenticatorTest" file="/home/mco/Projects/osLab/security-api-bundle/Tests/Security/Authentication/SimplePreAuthenticatorTest.php" line="52" assertions="0" time="0.002875"/>
      <testcase name="testSupportsTokenNotIsValid" class="OsLab\SecurityApiBundle\Tests\Security\Authentication\SimplePreAuthenticatorTest" file="/home/mco/Projects/osLab/security-api-bundle/Tests/Security/Authentication/SimplePreAuthenticatorTest.php" line="65" assertions="1" time="0.002602"/>
      <testcase name="testSupportsTokenIsValid" class="OsLab\SecurityApiBundle\Tests\Security\Authentication\SimplePreAuthenticatorTest" file="/home/mco/Projects/osLab/security-api-bundle/Tests/Security/Authentication/SimplePreAuthenticatorTest.php" line="75" assertions="1" time="0.002652"/>
    </testsuite>
    <testsuite name="OsLab\SecurityApiBundle\Tests\User\InMemoryApiProviderTest" file="/home/mco/Projects/osLab/security-api-bundle/Tests/Security/User/InMemoryApiProviderTest.php" tests="1" assertions="1" failures="0" errors="0" time="0.003983">
      <testcase name="testShouldThrowExceptionWhenUserNotFound" class="OsLab\SecurityApiBundle\Tests\User\InMemoryApiProviderTest" file="/home/mco/Projects/osLab/security-api-bundle/Tests/Security/User/InMemoryApiProviderTest.php" line="32" assertions="1" time="0.003983"/>
    </testsuite>
  </testsuite>
</testsuites>
